<?xml version="1.0" encoding="utf-8"?><testsuites name="pytest tests"><testsuite name="pytest" errors="0" failures="0" skipped="0" tests="22" time="2.264" timestamp="2026-02-23T13:37:34.320081+00:00" hostname="agent-env-126047aa-8388-4e1c-9615-66969918642c"><testcase classname="tests.test_employee_portal.TestAuthentication" name="test_employee_login_success" time="0.239" /><testcase classname="tests.test_employee_portal.TestAuthentication" name="test_admin_login_success" time="0.120" /><testcase classname="tests.test_employee_portal.TestAuthentication" name="test_login_invalid_credentials" time="0.066" /><testcase classname="tests.test_employee_portal.TestAuthentication" name="test_employee_has_department_and_designation" time="0.115" /><testcase classname="tests.test_employee_portal.TestEmployeeDashboard" name="test_dashboard_returns_data" time="0.172" /><testcase classname="tests.test_employee_portal.TestEmployeeDashboard" name="test_dashboard_attendance_summary_structure" time="0.056" /><testcase classname="tests.test_employee_portal.TestEmployeeDashboard" name="test_dashboard_requires_auth" time="0.067" /><testcase classname="tests.test_employee_portal.TestEmployeeProfile" name="test_profile_returns_user_data" time="0.056" /><testcase classname="tests.test_employee_portal.TestEmployeeProfile" name="test_profile_includes_department_and_designation" time="0.070" /><testcase classname="tests.test_employee_portal.TestEmployeeProfile" name="test_profile_includes_company" time="0.052" /><testcase classname="tests.test_employee_portal.TestAttendance" name="test_get_today_attendance" time="0.077" /><testcase classname="tests.test_employee_portal.TestAttendance" name="test_get_attendance_history" time="0.057" /><testcase classname="tests.test_employee_portal.TestAttendance" name="test_attendance_history_summary_structure" time="0.061" /><testcase classname="tests.test_employee_portal.TestLeaveManagement" name="test_get_leave_balance" time="0.055" /><testcase classname="tests.test_employee_portal.TestLeaveManagement" name="test_get_leave_requests" time="0.054" /><testcase classname="tests.test_employee_portal.TestPayslips" name="test_get_payslips" time="0.063" /><testcase classname="tests.test_employee_portal.TestPayslips" name="test_get_payslips_with_year_filter" time="0.056" /><testcase classname="tests.test_employee_portal.TestHolidays" name="test_get_holidays" time="0.055" /><testcase classname="tests.test_employee_portal.TestHolidays" name="test_get_holidays_with_year_filter" time="0.056" /><testcase classname="tests.test_employee_portal.TestTimeline" name="test_get_timeline" time="0.066" /><testcase classname="tests.test_employee_portal.TestRoleBasedAccess" name="test_admin_cannot_access_employee_dashboard" time="0.167" /><testcase classname="tests.test_employee_portal.TestRoleBasedAccess" name="test_unauthenticated_request_rejected" time="0.395" /></testsuite></testsuites>