<?xml version="1.0" encoding="utf-8"?><testsuites name="pytest tests"><testsuite name="pytest" errors="0" failures="0" skipped="0" tests="12" time="2.613" timestamp="2026-02-23T13:06:49.546316+00:00" hostname="agent-env-126047aa-8388-4e1c-9615-66969918642c"><testcase classname="tests.test_hrms_api.TestAuthentication" name="test_login_success" time="0.238" /><testcase classname="tests.test_hrms_api.TestAuthentication" name="test_login_invalid_credentials" time="0.146" /><testcase classname="tests.test_hrms_api.TestHealthCheck" name="test_health_endpoint" time="0.159" /><testcase classname="tests.test_hrms_api.TestUserManagement" name="test_get_all_users" time="0.298" /><testcase classname="tests.test_hrms_api.TestUserManagement" name="test_user_has_department_designation_fields" time="0.108" /><testcase classname="tests.test_hrms_api.TestUserManagement" name="test_create_user_with_doj_department_designation" time="0.598" /><testcase classname="tests.test_hrms_api.TestEmployeeLifecycle" name="test_get_lifecycle_employees" time="0.120" /><testcase classname="tests.test_hrms_api.TestEmployeeLifecycle" name="test_jane_smith_lifecycle_data" time="0.133" /><testcase classname="tests.test_hrms_api.TestEmployeeLifecycle" name="test_employee_timeline" time="0.246" /><testcase classname="tests.test_hrms_api.TestDepartments" name="test_get_departments" time="0.112" /><testcase classname="tests.test_hrms_api.TestDesignations" name="test_get_designations" time="0.109" /><testcase classname="tests.test_hrms_api.TestDesignations" name="test_designation_linked_to_department" time="0.120" /></testsuite></testsuites>